<?xml version="1.0" encoding="UTF-8"?>
<testng-results ignored="0" total="1" passed="1" failed="0" skipped="0">
  <reporter-output>
    <line>
      <![CDATA[navigated to dashboardhttp://staging.s9trucks.com/admin/dashboard]]>
    </line>
    <line>
      <![CDATA[navigated to dashboard]]>
    </line>
    <line>
      <![CDATA[navigated to trucks pagehttp://staging.s9trucks.com/admin/trucks]]>
    </line>
    <line>
      <![CDATA[navigated to truck page]]>
    </line>
  </reporter-output>
  <suite started-at="2024-06-10T18:10:22 IST" name="Default suite" finished-at="2024-06-10T18:11:21 IST" duration-ms="59876">
    <groups>
    </groups>
    <test started-at="2024-06-10T18:10:22 IST" name="Default test" finished-at="2024-06-10T18:11:21 IST" duration-ms="59876">
      <class name="functional.dasboard.scripts.Dashboard001_SelectTruck">
        <test-method is-config="true" signature="beforeTestMethod()[pri:0, instance:functional.dasboard.scripts.Dashboard001_SelectTruck@6b0d80ed]" started-at="2024-06-10T18:10:22 IST" name="beforeTestMethod" finished-at="2024-06-10T18:10:27 IST" duration-ms="5621" status="PASS">
          <reporter-output>
          </reporter-output>
        </test-method> <!-- beforeTestMethod -->
        <test-method is-config="true" signature="beforeMethodMethod(java.lang.String,java.lang.reflect.Method)[pri:0, instance:functional.dasboard.scripts.Dashboard001_SelectTruck@6b0d80ed]" started-at="2024-06-10T18:10:27 IST" name="beforeMethodMethod" finished-at="2024-06-10T18:10:43 IST" duration-ms="15877" status="PASS">
          <params>
            <param index="0">
              <value is-null="true"/>
            </param>
            <param index="1">
              <value>
                <![CDATA[public void functional.dasboard.scripts.Dashboard001_SelectTruck.truckSelection() throws java.io.IOException,java.lang.InterruptedException,java.awt.AWTException]]>
              </value>
            </param>
          </params>
          <reporter-output>
          </reporter-output>
        </test-method> <!-- beforeMethodMethod -->
        <test-method signature="truckSelection()[pri:0, instance:functional.dasboard.scripts.Dashboard001_SelectTruck@6b0d80ed]" started-at="2024-06-10T18:10:43 IST" name="truckSelection" finished-at="2024-06-10T18:11:21 IST" duration-ms="37594" status="PASS">
          <reporter-output>
            <line>
              <![CDATA[navigated to dashboardhttp://staging.s9trucks.com/admin/dashboard]]>
            </line>
            <line>
              <![CDATA[navigated to dashboard]]>
            </line>
            <line>
              <![CDATA[navigated to trucks pagehttp://staging.s9trucks.com/admin/trucks]]>
            </line>
            <line>
              <![CDATA[navigated to truck page]]>
            </line>
          </reporter-output>
        </test-method> <!-- truckSelection -->
        <test-method is-config="true" signature="afterMethodMethod(org.testng.ITestResult)[pri:0, instance:functional.dasboard.scripts.Dashboard001_SelectTruck@6b0d80ed]" started-at="2024-06-10T18:11:21 IST" name="afterMethodMethod" finished-at="2024-06-10T18:11:21 IST" duration-ms="317" status="PASS">
          <params>
            <param index="0">
              <value>
                <![CDATA[[TestResult name=truckSelection status=SUCCESS method=Dashboard001_SelectTruck.truckSelection()[pri:0, instance:functional.dasboard.scripts.Dashboard001_SelectTruck@6b0d80ed] output=navigated to dashboardhttp://staging.s9trucks.com/admin/dashboard]]]>
              </value>
            </param>
          </params>
          <reporter-output>
          </reporter-output>
        </test-method> <!-- afterMethodMethod -->
        <test-method is-config="true" signature="afterTestMethod()[pri:0, instance:functional.dasboard.scripts.Dashboard001_SelectTruck@6b0d80ed]" started-at="2024-06-10T18:11:21 IST" name="afterTestMethod" finished-at="2024-06-10T18:11:21 IST" duration-ms="307" status="PASS">
          <reporter-output>
          </reporter-output>
        </test-method> <!-- afterTestMethod -->
      </class> <!-- functional.dasboard.scripts.Dashboard001_SelectTruck -->
    </test> <!-- Default test -->
  </suite> <!-- Default suite -->
</testng-results>
